<?xml version="1.0" encoding="UTF-8"?>
<!-- Generated by org.testng.reporters.JUnitXMLReporter -->
<testsuite ignored="0" hostname="SourabhTechenvo" failures="1" tests="2" name="DemoTests" time="9.899" errors="0" timestamp="2025-09-12T11:44:24 IST">
  <testcase classname="utils.SampleTests" name="testExampleFail_withScreenshot" time="1.274">
    <failure type="java.lang.AssertionError" message="Forcing a failure to demo reports expected [THIS WILL FAIL] but found [Example Domain]">
      <![CDATA[java.lang.AssertionError: Forcing a failure to demo reports expected [THIS WILL FAIL] but found [Example Domain]
at utils.SampleTests.testExampleFail_withScreenshot(SampleTests.java:33)
at java.base/java.util.ArrayList.forEach(ArrayList.java:1597)
... Removed 30 stack frames]]>
    </failure>
  </testcase> <!-- testExampleFail_withScreenshot -->
  <testcase classname="utils.SampleTests" name="testGoogleTitle_pass" time="3.108"/>
</testsuite> <!-- DemoTests -->
