<?xml version="1.0" encoding="UTF-8"?>
<testng-results ignored="0" total="3" passed="3" failed="0" skipped="0">
  <reporter-output>
  </reporter-output>
  <suite started-at="2025-09-15T14:37:08 IST" name="AutomationSuite" finished-at="2025-09-15T14:37:36 IST" duration-ms="28167">
    <groups>
    </groups>
    <test started-at="2025-09-15T14:37:08 IST" name="GoogleTests" finished-at="2025-09-15T14:37:36 IST" duration-ms="28167">
      <class name="utils.LoginTest">
        <test-method is-config="true" signature="setUp()[pri:0, instance:utils.LoginTest@58658f63]" started-at="2025-09-15T14:37:27 IST" name="setUp" finished-at="2025-09-15T14:37:28 IST" duration-ms="1342" status="PASS">
          <reporter-output>
          </reporter-output>
        </test-method> <!-- setUp -->
        <test-method signature="testLoginWithScreenshots()[pri:0, instance:utils.LoginTest@58658f63]" started-at="2025-09-15T14:37:28 IST" name="testLoginWithScreenshots" finished-at="2025-09-15T14:37:36 IST" duration-ms="7791" status="PASS">
          <reporter-output>
          </reporter-output>
        </test-method> <!-- testLoginWithScreenshots -->
        <test-method is-config="true" signature="tearDown()[pri:0, instance:utils.LoginTest@58658f63]" started-at="2025-09-15T14:37:36 IST" name="tearDown" finished-at="2025-09-15T14:37:36 IST" duration-ms="220" status="PASS">
          <reporter-output>
          </reporter-output>
        </test-method> <!-- tearDown -->
      </class> <!-- utils.LoginTest -->
      <class name="utils.FacebookLoginTest">
        <test-method is-config="true" signature="setUp()[pri:0, instance:utils.FacebookLoginTest@30c3ae63]" started-at="2025-09-15T14:37:24 IST" name="setUp" finished-at="2025-09-15T14:37:25 IST" duration-ms="1305" status="PASS">
          <reporter-output>
          </reporter-output>
        </test-method> <!-- setUp -->
        <test-method signature="testFacebookLoginPage()[pri:0, instance:utils.FacebookLoginTest@30c3ae63]" started-at="2025-09-15T14:37:25 IST" name="testFacebookLoginPage" finished-at="2025-09-15T14:37:26 IST" duration-ms="1536" status="PASS">
          <reporter-output>
          </reporter-output>
        </test-method> <!-- testFacebookLoginPage -->
        <test-method is-config="true" signature="tearDown()[pri:0, instance:utils.FacebookLoginTest@30c3ae63]" started-at="2025-09-15T14:37:26 IST" name="tearDown" finished-at="2025-09-15T14:37:27 IST" duration-ms="205" status="PASS">
          <reporter-output>
          </reporter-output>
        </test-method> <!-- tearDown -->
      </class> <!-- utils.FacebookLoginTest -->
      <class name="utils.GoogleSearchTest">
        <test-method is-config="true" signature="setUp()[pri:0, instance:utils.GoogleSearchTest@66cd621b]" started-at="2025-09-15T14:37:08 IST" name="setUp" finished-at="2025-09-15T14:37:18 IST" duration-ms="9930" status="PASS">
          <reporter-output>
          </reporter-output>
        </test-method> <!-- setUp -->
        <test-method signature="testOpenGoogle()[pri:0, instance:utils.GoogleSearchTest@66cd621b]" started-at="2025-09-15T14:37:18 IST" name="testOpenGoogle" finished-at="2025-09-15T14:37:23 IST" duration-ms="5121" status="PASS">
          <reporter-output>
          </reporter-output>
        </test-method> <!-- testOpenGoogle -->
        <test-method is-config="true" signature="tearDown()[pri:0, instance:utils.GoogleSearchTest@66cd621b]" started-at="2025-09-15T14:37:23 IST" name="tearDown" finished-at="2025-09-15T14:37:24 IST" duration-ms="374" status="PASS">
          <reporter-output>
          </reporter-output>
        </test-method> <!-- tearDown -->
      </class> <!-- utils.GoogleSearchTest -->
    </test> <!-- GoogleTests -->
  </suite> <!-- AutomationSuite -->
</testng-results>
