<?xml version="1.0" encoding="UTF-8"?>
<testng-results ignored="0" total="2" passed="2" failed="0" skipped="0">
  <reporter-output>
  </reporter-output>
  <suite started-at="2025-09-12T12:15:47 IST" name="AutomationSuite" finished-at="2025-09-12T12:16:02 IST" duration-ms="14065">
    <groups>
    </groups>
    <test started-at="2025-09-12T12:15:47 IST" name="GoogleTests" finished-at="2025-09-12T12:16:02 IST" duration-ms="14065">
      <class name="utils.GoogleSearchTest">
        <test-method is-config="true" signature="setUp()[pri:0, instance:utils.GoogleSearchTest@58636b50]" started-at="2025-09-12T12:15:48 IST" name="setUp" finished-at="2025-09-12T12:15:50 IST" duration-ms="2171" status="PASS">
          <reporter-output>
          </reporter-output>
        </test-method> <!-- setUp -->
        <test-method signature="testGoogleSearch()[pri:0, instance:utils.GoogleSearchTest@58636b50]" started-at="2025-09-12T12:15:50 IST" name="testGoogleSearch" finished-at="2025-09-12T12:15:56 IST" duration-ms="5958" status="PASS">
          <reporter-output>
          </reporter-output>
        </test-method> <!-- testGoogleSearch -->
        <test-method is-config="true" signature="tearDown()[pri:0, instance:utils.GoogleSearchTest@58636b50]" started-at="2025-09-12T12:15:56 IST" name="tearDown" finished-at="2025-09-12T12:15:56 IST" duration-ms="267" status="PASS">
          <reporter-output>
          </reporter-output>
        </test-method> <!-- tearDown -->
        <test-method is-config="true" signature="setUp()[pri:0, instance:utils.GoogleSearchTest@58636b50]" started-at="2025-09-12T12:15:56 IST" name="setUp" finished-at="2025-09-12T12:15:58 IST" duration-ms="1542" status="PASS">
          <reporter-output>
          </reporter-output>
        </test-method> <!-- setUp -->
        <test-method signature="testOpenGoogle()[pri:0, instance:utils.GoogleSearchTest@58636b50]" started-at="2025-09-12T12:15:58 IST" name="testOpenGoogle" finished-at="2025-09-12T12:16:01 IST" duration-ms="3391" status="PASS">
          <reporter-output>
          </reporter-output>
        </test-method> <!-- testOpenGoogle -->
        <test-method is-config="true" signature="tearDown()[pri:0, instance:utils.GoogleSearchTest@58636b50]" started-at="2025-09-12T12:16:01 IST" name="tearDown" finished-at="2025-09-12T12:16:02 IST" duration-ms="234" status="PASS">
          <reporter-output>
          </reporter-output>
        </test-method> <!-- tearDown -->
      </class> <!-- utils.GoogleSearchTest -->
    </test> <!-- GoogleTests -->
  </suite> <!-- AutomationSuite -->
</testng-results>
