<?xml version="1.0" encoding="UTF-8"?>
<!-- Generated by org.testng.reporters.JUnitXMLReporter -->
<testsuite ignored="0" hostname="SourabhTechenvo" failures="0" tests="3" name="GoogleTests" time="28.167" errors="0" timestamp="2025-09-15T14:37:36 IST">
  <testcase classname="utils.GoogleSearchTest" name="testOpenGoogle" time="5.121"/>
  <testcase classname="utils.FacebookLoginTest" name="testFacebookLoginPage" time="1.536"/>
  <testcase classname="utils.LoginTest" name="testLoginWithScreenshots" time="7.791"/>
</testsuite> <!-- GoogleTests -->
