<?xml version="1.0" encoding="UTF-8"?>
<testng-results ignored="0" total="2" passed="2" failed="0" skipped="0">
  <reporter-output>
  </reporter-output>
  <suite started-at="2025-09-12T12:12:56 IST" name="AutomationSuite" finished-at="2025-09-12T12:13:20 IST" duration-ms="24362">
    <groups>
    </groups>
    <test started-at="2025-09-12T12:12:56 IST" name="GoogleTests" finished-at="2025-09-12T12:13:20 IST" duration-ms="24362">
      <class name="utils.GoogleSearchTest">
        <test-method is-config="true" signature="setUp()[pri:0, instance:utils.GoogleSearchTest@2362f559]" started-at="2025-09-12T12:12:56 IST" name="setUp" finished-at="2025-09-12T12:13:03 IST" duration-ms="7508" status="PASS">
          <reporter-output>
          </reporter-output>
        </test-method> <!-- setUp -->
        <test-method signature="testGoogleSearch()[pri:0, instance:utils.GoogleSearchTest@2362f559]" started-at="2025-09-12T12:13:03 IST" name="testGoogleSearch" finished-at="2025-09-12T12:13:13 IST" duration-ms="9615" status="PASS">
          <reporter-output>
          </reporter-output>
        </test-method> <!-- testGoogleSearch -->
        <test-method is-config="true" signature="tearDown()[pri:0, instance:utils.GoogleSearchTest@2362f559]" started-at="2025-09-12T12:13:13 IST" name="tearDown" finished-at="2025-09-12T12:13:13 IST" duration-ms="333" status="PASS">
          <reporter-output>
          </reporter-output>
        </test-method> <!-- tearDown -->
        <test-method is-config="true" signature="setUp()[pri:0, instance:utils.GoogleSearchTest@2362f559]" started-at="2025-09-12T12:13:13 IST" name="setUp" finished-at="2025-09-12T12:13:15 IST" duration-ms="1549" status="PASS">
          <reporter-output>
          </reporter-output>
        </test-method> <!-- setUp -->
        <test-method signature="testOpenGoogle()[pri:0, instance:utils.GoogleSearchTest@2362f559]" started-at="2025-09-12T12:13:15 IST" name="testOpenGoogle" finished-at="2025-09-12T12:13:20 IST" duration-ms="4643" status="PASS">
          <reporter-output>
          </reporter-output>
        </test-method> <!-- testOpenGoogle -->
        <test-method is-config="true" signature="tearDown()[pri:0, instance:utils.GoogleSearchTest@2362f559]" started-at="2025-09-12T12:13:20 IST" name="tearDown" finished-at="2025-09-12T12:13:20 IST" duration-ms="234" status="PASS">
          <reporter-output>
          </reporter-output>
        </test-method> <!-- tearDown -->
      </class> <!-- utils.GoogleSearchTest -->
    </test> <!-- GoogleTests -->
  </suite> <!-- AutomationSuite -->
</testng-results>
