<?xml version="1.0" encoding="UTF-8"?>
<testng-results ignored="0" total="1" passed="1" failed="0" skipped="0">
  <reporter-output>
  </reporter-output>
  <suite started-at="2025-09-12T20:59:56 IST" name="Default suite" finished-at="2025-09-12T21:00:02 IST" duration-ms="6234">
    <groups>
    </groups>
    <test started-at="2025-09-12T20:59:56 IST" name="Default test" finished-at="2025-09-12T21:00:02 IST" duration-ms="6234">
      <class name="utils.LoginTest">
        <test-method is-config="true" signature="setUp()[pri:0, instance:utils.LoginTest@36ebc363]" started-at="2025-09-12T20:59:56 IST" name="setUp" finished-at="2025-09-12T20:59:58 IST" duration-ms="2035" status="PASS">
          <reporter-output>
          </reporter-output>
        </test-method> <!-- setUp -->
        <test-method signature="testLoginWithScreenshots()[pri:0, instance:utils.LoginTest@36ebc363]" started-at="2025-09-12T20:59:58 IST" name="testLoginWithScreenshots" finished-at="2025-09-12T21:00:02 IST" duration-ms="3977" status="PASS">
          <reporter-output>
          </reporter-output>
        </test-method> <!-- testLoginWithScreenshots -->
        <test-method is-config="true" signature="tearDown()[pri:0, instance:utils.LoginTest@36ebc363]" started-at="2025-09-12T21:00:02 IST" name="tearDown" finished-at="2025-09-12T21:00:02 IST" duration-ms="183" status="PASS">
          <reporter-output>
          </reporter-output>
        </test-method> <!-- tearDown -->
      </class> <!-- utils.LoginTest -->
    </test> <!-- Default test -->
  </suite> <!-- Default suite -->
</testng-results>
